[11:42:57.809] [INFO] storybook v10.3.6
[11:42:58.539] [DEBUG] Getting package.json info for /home/rutger/Desktop/Swirski/packages/swirski-ui/package.json...
[11:42:58.554] [ERROR] [38;2;241;97;97mSB_CORE-SERVER_0002 (CriticalPresetLoadError): Storybook failed to load the following preset: @storybook/react-vite/preset.

Please check whether your setup is correct, the Storybook dependencies (and their peer dependencies) are installed correctly and there are no package version clashes.

If you believe this is a bug, please open an issue on Github.

Error [ERR_MODULE_NOT_FOUND]: Cannot find package '@storybook/react-vite' imported from /home/rutger/Desktop/Swirski/node_modules/.pnpm/storybook@10.3.6_@testing-library+dom@10.4.1_react-dom@19.2.5_react@19.2.5__react@19.2.5/node_modules/storybook/dist/_node-chunks/chunk-OWMIR4VJ.js
    at Object.getPackageJSONURL (node:internal/modules/package_json_reader:267:9)
    at packageResolve (node:internal/modules/esm/resolve:768:81)
    at moduleResolve (node:internal/modules/esm/resolve:854:18)
    at defaultResolve (node:internal/modules/esm/resolve:984:11)
    at nextResolve (node:internal/modules/esm/hooks:748:28)
    at Hooks.resolve (node:internal/modules/esm/hooks:240:30)
    at MessagePort.handleMessage (node:internal/modules/esm/worker:199:24)
    at [nodejs.internal.kHybridDispatch] (node:internal/event_target:827:20)
    at MessagePort.<anonymous> (node:internal/per_context/messageport:23:28)

More info: 
[39m
    at loadPreset (file:///home/rutger/Desktop/Swirski/node_modules/.pnpm/storybook@10.3.6_@testing-library+dom@10.4.1_react-dom@19.2.5_react@19.2.5__react@19.2.5/node_modules/storybook/dist/_node-chunks/chunk-H4PWFMMO.js:10081:13)
    at async Promise.all (index 0)
    at async loadPresets (file:///home/rutger/Desktop/Swirski/node_modules/.pnpm/storybook@10.3.6_@testing-library+dom@10.4.1_react-dom@19.2.5_react@19.2.5__react@19.2.5/node_modules/storybook/dist/_node-chunks/chunk-H4PWFMMO.js:10090:73)
    at async getPresets (file:///home/rutger/Desktop/Swirski/node_modules/.pnpm/storybook@10.3.6_@testing-library+dom@10.4.1_react-dom@19.2.5_react@19.2.5__react@19.2.5/node_modules/storybook/dist/_node-chunks/chunk-H4PWFMMO.js:10121:23)
    at async buildDevStandalone (file:///home/rutger/Desktop/Swirski/node_modules/.pnpm/storybook@10.3.6_@testing-library+dom@10.4.1_react-dom@19.2.5_react@19.2.5__react@19.2.5/node_modules/storybook/dist/core-server/index.js:7967:52)
    at async withTelemetry (file:///home/rutger/Desktop/Swirski/node_modules/.pnpm/storybook@10.3.6_@testing-library+dom@10.4.1_react-dom@19.2.5_react@19.2.5__react@19.2.5/node_modules/storybook/dist/_node-chunks/chunk-UYONHJJP.js:225:12)
    at async dev (file:///home/rutger/Desktop/Swirski/node_modules/.pnpm/storybook@10.3.6_@testing-library+dom@10.4.1_react-dom@19.2.5_react@19.2.5__react@19.2.5/node_modules/storybook/dist/bin/core.js:2736:3)
    at async _Command.<anonymous> (file:///home/rutger/Desktop/Swirski/node_modules/.pnpm/storybook@10.3.6_@testing-library+dom@10.4.1_react-dom@19.2.5_react@19.2.5__react@19.2.5/node_modules/storybook/dist/bin/core.js:2806:92)
[11:42:58.561] [WARN] Broken build, fix the error above.
You may need to refresh the browser.